1705323976.937018 client started (6368): version 3.0a, socket /tmp/tmux-0/default, protocol 8
1705323976.937088 on Linux 5.10.16.3-microsoft-standard-WSL2 #1 SMP Fri Apr 2 22:23:49 UTC 2021; libevent 2.1.11-stable (poll)
1705323976.937114 socket is /tmp/tmux-0/default
1705323976.937147 trying connect
1705323976.937321 add peer 0x560002463fe0: 6 ((nil))
1705323976.937626 sending message 100 to peer 0x560002463fe0 (4 bytes)
1705323976.937763 sending message 101 to peer 0x560002463fe0 (7 bytes)
1705323976.937805 sending message 102 to peer 0x560002463fe0 (11 bytes)
1705323976.937826 sending message 108 to peer 0x560002463fe0 (17 bytes)
1705323976.937844 sending message 104 to peer 0x560002463fe0 (0 bytes)
1705323976.937857 sending message 107 to peer 0x560002463fe0 (4 bytes)
1705323976.937870 sending message 105 to peer 0x560002463fe0 (11 bytes)
1705323976.937884 sending message 105 to peer 0x560002463fe0 (16 bytes)
1705323976.937900 sending message 105 to peer 0x560002463fe0 (13 bytes)
1705323976.937912 sending message 105 to peer 0x560002463fe0 (8 bytes)
1705323976.937926 sending message 105 to peer 0x560002463fe0 (13 bytes)
1705323976.937939 sending message 105 to peer 0x560002463fe0 (32 bytes)
1705323976.937955 sending message 105 to peer 0x560002463fe0 (1506 bytes)
1705323976.938022 sending message 105 to peer 0x560002463fe0 (21 bytes)
1705323976.938085 sending message 105 to peer 0x560002463fe0 (16 bytes)
1705323976.938096 sending message 105 to peer 0x560002463fe0 (19 bytes)
1705323976.938105 sending message 105 to peer 0x560002463fe0 (13 bytes)
1705323976.938114 sending message 105 to peer 0x560002463fe0 (11 bytes)
1705323976.938129 sending message 105 to peer 0x560002463fe0 (3735 bytes)
1705323976.938200 sending message 105 to peer 0x560002463fe0 (21 bytes)
1705323976.938241 sending message 105 to peer 0x560002463fe0 (19 bytes)
1705323976.938260 sending message 105 to peer 0x560002463fe0 (8 bytes)
1705323976.938275 sending message 105 to peer 0x560002463fe0 (12 bytes)
1705323976.938288 sending message 105 to peer 0x560002463fe0 (32 bytes)
1705323976.938299 sending message 105 to peer 0x560002463fe0 (13 bytes)
1705323976.938315 sending message 105 to peer 0x560002463fe0 (10 bytes)
1705323976.938328 sending message 105 to peer 0x560002463fe0 (8 bytes)
1705323976.938339 sending message 105 to peer 0x560002463fe0 (25 bytes)
1705323976.938350 sending message 105 to peer 0x560002463fe0 (32 bytes)
1705323976.938364 sending message 105 to peer 0x560002463fe0 (21 bytes)
1705323976.938377 sending message 105 to peer 0x560002463fe0 (16 bytes)
1705323976.938388 sending message 105 to peer 0x560002463fe0 (46 bytes)
1705323976.938398 sending message 105 to peer 0x560002463fe0 (55 bytes)
1705323976.938408 sending message 106 to peer 0x560002463fe0 (0 bytes)
1705323976.938419 sending message 200 to peer 0x560002463fe0 (4 bytes)
1705323976.938432 client loop enter
1705323976.944176 peer 0x560002463fe0 message 211
1705323976.944292 client_write: sessions should be nested with care, unset $TMUX to force\n
1705323976.944421 peer 0x560002463fe0 message 203
1705323976.944573 client loop exit
